Arguments: 
  C:\Program Files\nodejs\node.exe C:\Users\zckrbrt\AppData\Roaming\npm\node_modules\yarn\bin\yarn.js

PATH: 
  C:\Program Files (x86)\Google\Chrome\Application;C:\Program Files (x86)\Razer\ChromaBroadcast\bin;C:\Program Files\Razer\ChromaBroadcast\bin;C:\Program Files (x86)\Common Files\Oracle\Java\javapath;C:\Program Files (x86)\Razer Chroma SDK\bin;C:\Program Files\Razer Chroma SDK\bin;C:\Windows\system32;C:\Windows;C:\Windows\System32\Wbem;C:\Windows\System32\WindowsPowerShell\v1.0\;C:\Windows\System32\OpenSSH\;C:\Program Files (x86)\NVIDIA Corporation\PhysX\Common;C:\Program Files\Microsoft VS Code\bin;C:\Program Files\MiKTeX 2.9\miktex\bin\x64\;C:\ProgramData\chocolatey\bin;C:\Windows\system32\config\systemprofile\AppData\Local\Microsoft\WindowsApps;C:\Program Files\nodejs\;C:\Program Files (x86)\sbt\bin;C:\Users\zckrbrt\AppData\Local\Android\Sdk;C:\Program Files\Java\jdk-13.0.2\bin;C:\Users\zckrbrt\AppData\Local\Android\Sdk\platform-tools;C:\Program Files\NVIDIA Corporation\NVIDIA NvDLISR;C:\WINDOWS\system32;C:\WINDOWS;C:\WINDOWS\System32\Wbem;C:\WINDOWS\System32\WindowsPowerShell\v1.0\;C:\WINDOWS\System32\OpenSSH\;C:\Program Files\Calibre2\;C:\Go\bin;C:\WINDOWS\system32\config\systemprofile\AppData\Local\Microsoft\WindowsApps;C:\Program Files\Git\cmd;C:\WINDOWS\system32;C:\WINDOWS;C:\WINDOWS\System32\Wbem;C:\WINDOWS\System32\WindowsPowerShell\v1.0\;C:\WINDOWS\System32\OpenSSH\;C:\Program Files (x86)\Intel\Intel(R) Management Engine Components\DAL;C:\Program Files\Intel\Intel(R) Management Engine Components\DAL;C:\Users\zckrbrt\AppData\Local\Programs\Python\Python37\Scripts\;C:\Users\zckrbrt\AppData\Local\Programs\Python\Python37\;C:\Users\zckrbrt\AppData\Local\Microsoft\WindowsApps;C:\Exercism;C:\Users\zckrbrt\AppData\Roaming\npm;C:\Users\zckrbrt\AppData\Local\Programs\Microsoft VS Code\bin;C:\Users\zckrbrt\AppData\Local\Android\Sdk;C:\Program Files\Java\jdk-13.0.2;C:\Users\zckrbrt\AppData\Local\Android\Sdk\platform-tools;;C:\Program Files\JetBrains\IntelliJ IDEA 2018.3\bin;;C:\Program Files\JetBrains\WebStorm 2018.3.4\bin;;C:\Program Files\JetBrains\PyCharm 2019.1\bin;;C:\Users\zckrbrt\go\bin;C:\Program Files\JetBrains\IntelliJ IDEA Community Edition 2020.1.1\bin;

Yarn version: 
  1.22.10

Node version: 
  16.1.0

Platform: 
  win32 x64

Trace: 
  Error: ENOENT: no such file or directory, scandir 'C:\Users\zckrbrt\Documents\GitHub\smartbanner-react\example\node_modules\react-scripts\node_modules\@babel\core\node_modules'

npm manifest: 
  {
    "name": "smartbanner-react-example",
    "homepage": ".",
    "version": "0.0.0",
    "private": true,
    "scripts": {
      "start": "node ../node_modules/react-scripts/bin/react-scripts.js start",
      "build": "node ../node_modules/react-scripts/bin/react-scripts.js build",
      "test": "node ../node_modules/react-scripts/bin/react-scripts.js test",
      "eject": "node ../node_modules/react-scripts/bin/react-scripts.js eject"
    },
    "dependencies": {
      "@testing-library/jest-dom": "file:../node_modules/@testing-library/jest-dom",
      "@testing-library/react": "file:../node_modules/@testing-library/react",
      "@testing-library/user-event": "file:../node_modules/@testing-library/user-event",
      "@types/jest": "file:../node_modules/@types/jest",
      "@types/node": "file:../node_modules/@types/node",
      "@types/react": "file:../node_modules/@types/react",
      "@types/react-dom": "file:../node_modules/@types/react-dom",
      "react": "file:../node_modules/react",
      "react-dom": "file:../node_modules/react-dom",
      "react-scripts": "file:../node_modules/react-scripts",
      "smartbanner-react": "file:.."
    },
    "devDependencies": {
      "@babel/plugin-syntax-object-rest-spread": "^7.8.3"
    },
    "eslintConfig": {
      "extends": "react-app"
    },
    "browserslist": {
      "production": [
        ">0.2%",
        "not dead",
        "not op_mini all"
      ],
      "development": [
        "last 1 chrome version",
        "last 1 firefox version",
        "last 1 safari version"
      ]
    }
  }

yarn manifest: 
  No manifest

Lockfile: 
  No lockfile
